  inclasspt2.cpp
D:\coding\inclasspt2\inclasspt2\inclasspt2.cpp(540,2): error C2466: cannot allocate an array of constant size 0
D:\coding\inclasspt2\inclasspt2\inclasspt2.cpp(540,2): error C2087: 'arr': missing subscript
D:\coding\inclasspt2\inclasspt2\inclasspt2.cpp(540,2): error C4430: missing type specifier - int assumed. Note: C++ does not support default-int
D:\coding\inclasspt2\inclasspt2\inclasspt2.cpp(541,2): error C2466: cannot allocate an array of constant size 0
D:\coding\inclasspt2\inclasspt2\inclasspt2.cpp(541,2): error C4430: missing type specifier - int assumed. Note: C++ does not support default-int
D:\coding\inclasspt2\inclasspt2\inclasspt2.cpp(541,2): error C2369: 'arr': redefinition; different subscripts
      D:\coding\inclasspt2\inclasspt2\inclasspt2.cpp(537,6):
      see declaration of 'arr'
  
D:\coding\inclasspt2\inclasspt2\inclasspt2.cpp(544,2): error C2466: cannot allocate an array of constant size 0
D:\coding\inclasspt2\inclasspt2\inclasspt2.cpp(544,2): error C2087: 'arr': missing subscript
D:\coding\inclasspt2\inclasspt2\inclasspt2.cpp(544,2): error C4430: missing type specifier - int assumed. Note: C++ does not support default-int
D:\coding\inclasspt2\inclasspt2\inclasspt2.cpp(545,2): error C4430: missing type specifier - int assumed. Note: C++ does not support default-int
D:\coding\inclasspt2\inclasspt2\inclasspt2.cpp(545,2): error C2369: 'arr': redefinition; different subscripts
      D:\coding\inclasspt2\inclasspt2\inclasspt2.cpp(537,6):
      see declaration of 'arr'
  
D:\coding\inclasspt2\inclasspt2\inclasspt2.cpp(548,2): error C2466: cannot allocate an array of constant size 0
D:\coding\inclasspt2\inclasspt2\inclasspt2.cpp(548,2): error C2087: 'arr': missing subscript
D:\coding\inclasspt2\inclasspt2\inclasspt2.cpp(548,2): error C4430: missing type specifier - int assumed. Note: C++ does not support default-int
D:\coding\inclasspt2\inclasspt2\inclasspt2.cpp(549,2): error C4430: missing type specifier - int assumed. Note: C++ does not support default-int
D:\coding\inclasspt2\inclasspt2\inclasspt2.cpp(549,2): error C2369: 'arr': redefinition; different subscripts
      D:\coding\inclasspt2\inclasspt2\inclasspt2.cpp(537,6):
      see declaration of 'arr'
  
D:\coding\inclasspt2\inclasspt2\inclasspt2.cpp(551,7): error C2143: syntax error: missing ';' before '<<'
D:\coding\inclasspt2\inclasspt2\inclasspt2.cpp(551,2): error C4430: missing type specifier - int assumed. Note: C++ does not support default-int
D:\coding\inclasspt2\inclasspt2\inclasspt2.cpp(551,7): error C2059: syntax error: '<<'
D:\coding\inclasspt2\inclasspt2\inclasspt2.cpp(552,7): error C2143: syntax error: missing ';' before '<<'
D:\coding\inclasspt2\inclasspt2\inclasspt2.cpp(552,2): error C4430: missing type specifier - int assumed. Note: C++ does not support default-int
D:\coding\inclasspt2\inclasspt2\inclasspt2.cpp(552,2): error C2086: 'int cout': redefinition
      D:\coding\inclasspt2\inclasspt2\inclasspt2.cpp(551,2):
      see declaration of 'cout'
  
D:\coding\inclasspt2\inclasspt2\inclasspt2.cpp(552,7): error C2059: syntax error: '<<'
D:\coding\inclasspt2\inclasspt2\inclasspt2.cpp(553,7): error C2143: syntax error: missing ';' before '<<'
D:\coding\inclasspt2\inclasspt2\inclasspt2.cpp(553,2): error C4430: missing type specifier - int assumed. Note: C++ does not support default-int
D:\coding\inclasspt2\inclasspt2\inclasspt2.cpp(553,2): error C2086: 'int cout': redefinition
      D:\coding\inclasspt2\inclasspt2\inclasspt2.cpp(551,2):
      see declaration of 'cout'
  
D:\coding\inclasspt2\inclasspt2\inclasspt2.cpp(553,7): error C2059: syntax error: '<<'
D:\coding\inclasspt2\inclasspt2\inclasspt2.cpp(555,7): error C2143: syntax error: missing ';' before '<<'
D:\coding\inclasspt2\inclasspt2\inclasspt2.cpp(555,2): error C4430: missing type specifier - int assumed. Note: C++ does not support default-int
D:\coding\inclasspt2\inclasspt2\inclasspt2.cpp(555,2): error C2086: 'int cout': redefinition
      D:\coding\inclasspt2\inclasspt2\inclasspt2.cpp(551,2):
      see declaration of 'cout'
  
D:\coding\inclasspt2\inclasspt2\inclasspt2.cpp(555,7): error C2059: syntax error: '<<'
D:\coding\inclasspt2\inclasspt2\inclasspt2.cpp(558,2): error C2059: syntax error: 'for'
D:\coding\inclasspt2\inclasspt2\inclasspt2.cpp(558,16): error C2143: syntax error: missing ')' before ';'
D:\coding\inclasspt2\inclasspt2\inclasspt2.cpp(558,20): error C2143: syntax error: missing ';' before '<'
D:\coding\inclasspt2\inclasspt2\inclasspt2.cpp(558,18): error C4430: missing type specifier - int assumed. Note: C++ does not support default-int
D:\coding\inclasspt2\inclasspt2\inclasspt2.cpp(558,20): error C2059: syntax error: '<'
D:\coding\inclasspt2\inclasspt2\inclasspt2.cpp(558,26): error C2143: syntax error: missing ';' before '++'
D:\coding\inclasspt2\inclasspt2\inclasspt2.cpp(558,25): error C4430: missing type specifier - int assumed. Note: C++ does not support default-int
D:\coding\inclasspt2\inclasspt2\inclasspt2.cpp(558,25): error C2086: 'int i': redefinition
      D:\coding\inclasspt2\inclasspt2\inclasspt2.cpp(558,18):
      see declaration of 'i'
  
D:\coding\inclasspt2\inclasspt2\inclasspt2.cpp(558,26): error C2059: syntax error: '++'
D:\coding\inclasspt2\inclasspt2\inclasspt2.cpp(558,28): error C2059: syntax error: ')'
D:\coding\inclasspt2\inclasspt2\inclasspt2.cpp(559,2): error C2143: syntax error: missing ';' before '{'
D:\coding\inclasspt2\inclasspt2\inclasspt2.cpp(559,2): error C2447: '{': missing function header (old-style formal list?)
D:\coding\inclasspt2\inclasspt2\inclasspt2.cpp(576,1): error C4430: missing type specifier - int assumed. Note: C++ does not support default-int
D:\coding\inclasspt2\inclasspt2\inclasspt2.cpp(576,8): error C2059: syntax error: ':'
D:\coding\inclasspt2\inclasspt2\inclasspt2.cpp(577,7): error C2143: syntax error: missing ';' before '<<'
D:\coding\inclasspt2\inclasspt2\inclasspt2.cpp(577,2): error C4430: missing type specifier - int assumed. Note: C++ does not support default-int
D:\coding\inclasspt2\inclasspt2\inclasspt2.cpp(577,2): error C2086: 'int cout': redefinition
      D:\coding\inclasspt2\inclasspt2\inclasspt2.cpp(551,2):
      see declaration of 'cout'
  
D:\coding\inclasspt2\inclasspt2\inclasspt2.cpp(577,7): error C2059: syntax error: '<<'
D:\coding\inclasspt2\inclasspt2\inclasspt2.cpp(578,7): error C2143: syntax error: missing ';' before '<<'
D:\coding\inclasspt2\inclasspt2\inclasspt2.cpp(578,2): error C4430: missing type specifier - int assumed. Note: C++ does not support default-int
D:\coding\inclasspt2\inclasspt2\inclasspt2.cpp(578,2): error C2086: 'int cout': redefinition
      D:\coding\inclasspt2\inclasspt2\inclasspt2.cpp(551,2):
      see declaration of 'cout'
  
D:\coding\inclasspt2\inclasspt2\inclasspt2.cpp(578,7): error C2059: syntax error: '<<'
D:\coding\inclasspt2\inclasspt2\inclasspt2.cpp(579,6): error C2143: syntax error: missing ';' before '>>'
D:\coding\inclasspt2\inclasspt2\inclasspt2.cpp(579,2): error C4430: missing type specifier - int assumed. Note: C++ does not support default-int
D:\coding\inclasspt2\inclasspt2\inclasspt2.cpp(579,6): error C2059: syntax error: '>>'
D:\coding\inclasspt2\inclasspt2\inclasspt2.cpp(581,7): error C2143: syntax error: missing ';' before '<<'
D:\coding\inclasspt2\inclasspt2\inclasspt2.cpp(581,2): error C4430: missing type specifier - int assumed. Note: C++ does not support default-int
D:\coding\inclasspt2\inclasspt2\inclasspt2.cpp(581,2): error C2086: 'int cout': redefinition
      D:\coding\inclasspt2\inclasspt2\inclasspt2.cpp(551,2):
      see declaration of 'cout'
  
D:\coding\inclasspt2\inclasspt2\inclasspt2.cpp(581,7): error C2059: syntax error: '<<'
D:\coding\inclasspt2\inclasspt2\inclasspt2.cpp(582,6): error C2143: syntax error: missing ';' before '>>'
D:\coding\inclasspt2\inclasspt2\inclasspt2.cpp(582,2): error C4430: missing type specifier - int assumed. Note: C++ does not support default-int
D:\coding\inclasspt2\inclasspt2\inclasspt2.cpp(582,2): error C2086: 'int cin': redefinition
      D:\coding\inclasspt2\inclasspt2\inclasspt2.cpp(579,2):
      see declaration of 'cin'
  
D:\coding\inclasspt2\inclasspt2\inclasspt2.cpp(582,6): error C2059: syntax error: '>>'
D:\coding\inclasspt2\inclasspt2\inclasspt2.cpp(584,2): error C2059: syntax error: 'if'
D:\coding\inclasspt2\inclasspt2\inclasspt2.cpp(585,2): error C2143: syntax error: missing ';' before '{'
D:\coding\inclasspt2\inclasspt2\inclasspt2.cpp(585,2): error C2447: '{': missing function header (old-style formal list?)
D:\coding\inclasspt2\inclasspt2\inclasspt2.cpp(590,7): error C2143: syntax error: missing ';' before '<<'
D:\coding\inclasspt2\inclasspt2\inclasspt2.cpp(590,2): error C4430: missing type specifier - int assumed. Note: C++ does not support default-int
D:\coding\inclasspt2\inclasspt2\inclasspt2.cpp(590,2): error C2086: 'int cout': redefinition
      D:\coding\inclasspt2\inclasspt2\inclasspt2.cpp(551,2):
      see declaration of 'cout'
  
D:\coding\inclasspt2\inclasspt2\inclasspt2.cpp(590,7): error C2059: syntax error: '<<'
D:\coding\inclasspt2\inclasspt2\inclasspt2.cpp(591,2): error C2059: syntax error: 'for'
D:\coding\inclasspt2\inclasspt2\inclasspt2.cpp(591,16): error C2143: syntax error: missing ')' before ';'
D:\coding\inclasspt2\inclasspt2\inclasspt2.cpp(591,20): error C2143: syntax error: missing ';' before '<'
D:\coding\inclasspt2\inclasspt2\inclasspt2.cpp(591,18): error C4430: missing type specifier - int assumed. Note: C++ does not support default-int
D:\coding\inclasspt2\inclasspt2\inclasspt2.cpp(591,18): error C2086: 'int i': redefinition
      D:\coding\inclasspt2\inclasspt2\inclasspt2.cpp(558,18):
      see declaration of 'i'
  
D:\coding\inclasspt2\inclasspt2\inclasspt2.cpp(591,20): error C2059: syntax error: '<'
D:\coding\inclasspt2\inclasspt2\inclasspt2.cpp(591,26): error C2143: syntax error: missing ';' before '++'
D:\coding\inclasspt2\inclasspt2\inclasspt2.cpp(591,25): error C4430: missing type specifier - int assumed. Note: C++ does not support default-int
D:\coding\inclasspt2\inclasspt2\inclasspt2.cpp(591,25): error C2086: 'int i': redefinition
      D:\coding\inclasspt2\inclasspt2\inclasspt2.cpp(558,18):
      see declaration of 'i'
  
D:\coding\inclasspt2\inclasspt2\inclasspt2.cpp(591,26): error C2059: syntax error: '++'
D:\coding\inclasspt2\inclasspt2\inclasspt2.cpp(591,28): error C2059: syntax error: ')'
D:\coding\inclasspt2\inclasspt2\inclasspt2.cpp(592,2): error C2143: syntax error: missing ';' before '{'
D:\coding\inclasspt2\inclasspt2\inclasspt2.cpp(592,2): error C2447: '{': missing function header (old-style formal list?)
D:\coding\inclasspt2\inclasspt2\inclasspt2.cpp(600,7): error C2143: syntax error: missing ';' before '<<'
D:\coding\inclasspt2\inclasspt2\inclasspt2.cpp(600,2): error C4430: missing type specifier - int assumed. Note: C++ does not support default-int
D:\coding\inclasspt2\inclasspt2\inclasspt2.cpp(600,2): error C2086: 'int cout': redefinition
      D:\coding\inclasspt2\inclasspt2\inclasspt2.cpp(551,2):
      see declaration of 'cout'
  
D:\coding\inclasspt2\inclasspt2\inclasspt2.cpp(600,7): error C2059: syntax error: '<<'
D:\coding\inclasspt2\inclasspt2\inclasspt2.cpp(602,2): error C2059: syntax error: 'for'
D:\coding\inclasspt2\inclasspt2\inclasspt2.cpp(602,16): error C2143: syntax error: missing ')' before ';'
D:\coding\inclasspt2\inclasspt2\inclasspt2.cpp(602,20): error C2143: syntax error: missing ';' before '<'
D:\coding\inclasspt2\inclasspt2\inclasspt2.cpp(602,18): error C4430: missing type specifier - int assumed. Note: C++ does not support default-int
D:\coding\inclasspt2\inclasspt2\inclasspt2.cpp(602,18): error C2086: 'int i': redefinition
      D:\coding\inclasspt2\inclasspt2\inclasspt2.cpp(558,18):
      see declaration of 'i'
  
D:\coding\inclasspt2\inclasspt2\inclasspt2.cpp(602,20): error C2059: syntax error: '<'
D:\coding\inclasspt2\inclasspt2\inclasspt2.cpp(602,26): error C2143: syntax error: missing ';' before '++'
D:\coding\inclasspt2\inclasspt2\inclasspt2.cpp(602,25): error C4430: missing type specifier - int assumed. Note: C++ does not support default-int
D:\coding\inclasspt2\inclasspt2\inclasspt2.cpp(602,25): error C2086: 'int i': redefinition
      D:\coding\inclasspt2\inclasspt2\inclasspt2.cpp(558,18):
      see declaration of 'i'
  
D:\coding\inclasspt2\inclasspt2\inclasspt2.cpp(602,26): error C2059: syntax error: '++'
D:\coding\inclasspt2\inclasspt2\inclasspt2.cpp(602,28): error C2059: syntax error: ')'
D:\coding\inclasspt2\inclasspt2\inclasspt2.cpp(603,2): error C2143: syntax error: missing ';' before '{'
D:\coding\inclasspt2\inclasspt2\inclasspt2.cpp(603,2): error C2447: '{': missing function header (old-style formal list?)
D:\coding\inclasspt2\inclasspt2\inclasspt2.cpp(613,2): error C2059: syntax error: 'return'
D:\coding\inclasspt2\inclasspt2\inclasspt2.cpp(614,1): error C2059: syntax error: '}'
D:\coding\inclasspt2\inclasspt2\inclasspt2.cpp(614,1): error C2143: syntax error: missing ';' before '}'
